<?xml version="1.0" encoding="UTF-8"?>
<testsuite hostname="Kavindras-MBP" name="example.NewTest" tests="1" failures="1" timestamp="16 Jun 2017 10:18:48 GMT" time="0.125" errors="0">
  <testcase name="main" time="0.107" classname="example.NewTest">
    <failure type="java.lang.IllegalStateException" message="The driver executable does not exist: /Users/Shared/Jenkins/Home/workspace/ankit/driver/chromedriver">
      <![CDATA[java.lang.IllegalStateException: The driver executable does not exist: /Users/Shared/Jenkins/Home/workspace/ankit/driver/chromedriver
	at com.google.common.base.Preconditions.checkState(Preconditions.java:518)
	at org.openqa.selenium.remote.service.DriverService.checkExecutable(DriverService.java:136)
	at org.openqa.selenium.remote.service.DriverService.findExecutable(DriverService.java:131)
	at org.openqa.selenium.chrome.ChromeDriverService.access$000(ChromeDriverService.java:32)
	at org.openqa.selenium.chrome.ChromeDriverService$Builder.findDefaultExecutable(ChromeDriverService.java:137)
	at org.openqa.selenium.remote.service.DriverService$Builder.build(DriverService.java:330)
	at org.openqa.selenium.chrome.ChromeDriverService.createDefaultService(ChromeDriverService.java:88)
	at org.openqa.selenium.chrome.ChromeDriver.<init>(ChromeDriver.java:124)
	at example.NewTest.main(NewTest.java:29)
	at sun.reflect.NativeMethodAccessorImpl.invoke0(Native Method)
	at sun.reflect.NativeMethodAccessorImpl.invoke(NativeMethodAccessorImpl.java:62)
	at sun.reflect.DelegatingMethodAccessorImpl.invoke(DelegatingMethodAccessorImpl.java:43)
	at java.lang.reflect.Method.invoke(Method.java:497)
	at org.testng.internal.MethodInvocationHelper.invokeMethod(MethodInvocationHelper.java:76)
	at org.testng.internal.Invoker.invokeMethod(Invoker.java:673)
	at org.testng.internal.Invoker.invokeTestMethod(Invoker.java:846)
	at org.testng.internal.Invoker.invokeTestMethods(Invoker.java:1170)
	at org.testng.internal.TestMethodWorker.invokeTestMethods(TestMethodWorker.java:125)
	at org.testng.internal.TestMethodWorker.run(TestMethodWorker.java:109)
	at org.testng.TestRunner.runWorkers(TestRunner.java:1147)
	at org.testng.TestRunner.privateRun(TestRunner.java:749)
	at org.testng.TestRunner.run(TestRunner.java:600)
	at org.testng.SuiteRunner.runTest(SuiteRunner.java:317)
	at org.testng.SuiteRunner.runSequentially(SuiteRunner.java:312)
	at org.testng.SuiteRunner.privateRun(SuiteRunner.java:274)
	at org.testng.SuiteRunner.run(SuiteRunner.java:223)
	at org.testng.SuiteRunnerWorker.runSuite(SuiteRunnerWorker.java:52)
	at org.testng.SuiteRunnerWorker.run(SuiteRunnerWorker.java:86)
	at org.testng.TestNG.runSuitesSequentially(TestNG.java:1039)
	at org.testng.TestNG.runSuitesLocally(TestNG.java:964)
	at org.testng.TestNG.run(TestNG.java:900)
	at org.testng.remote.AbstractRemoteTestNG.run(AbstractRemoteTestNG.java:132)
	at org.testng.remote.RemoteTestNG.initAndRun(RemoteTestNG.java:230)
	at org.testng.remote.RemoteTestNG.main(RemoteTestNG.java:76)
]]>
    </failure>
  </testcase>
</testsuite>
