<?xml version="1.0" encoding="UTF-8"?>
<testng-results skipped="0" failed="0" total="1" passed="1">
  <reporter-output>
  </reporter-output>
  <suite name="Default suite" duration-ms="12344" started-at="2017-06-19T11:47:38Z" finished-at="2017-06-19T11:47:51Z">
    <groups>
    </groups>
    <test name="Default test" duration-ms="12344" started-at="2017-06-19T11:47:38Z" finished-at="2017-06-19T11:47:51Z">
      <class name="example.NewTest">
        <test-method status="PASS" signature="main()" name="main" duration-ms="12328" started-at="2017-06-19T11:47:38Z" finished-at="2017-06-19T11:47:51Z">
        </test-method>
      </class>
    </test>
  </suite>
</testng-results>
